<?xml version="1.0" encoding="UTF-8"?>
<!-- Generated by org.testng.reporters.JUnitXMLReporter -->
<testsuite ignored="0" hostname="ASHWIN" failures="0" tests="4" name="Default test" time="9.353" errors="0" timestamp="2023-09-30T19:41:47 IST">
  <testcase classname="api.test.UserTest" name="postUser" time="3.155"/>
  <testcase classname="api.test.UserTest" name="getUser" time="1.477"/>
  <testcase classname="api.test.UserTest" name="updateUser" time="3.125"/>
  <testcase classname="api.test.UserTest" name="deleteUser" time="1.341"/>
</testsuite> <!-- Default test -->
