<?xml version="1.0" encoding="UTF-8"?>
<!-- Generated by org.testng.reporters.JUnitXMLReporter -->
<testsuite ignored="0" hostname="ASHWIN" failures="0" tests="4" name="Default test" time="10.609" errors="0" timestamp="2023-11-17T23:03:53 IST">
  <testcase classname="api.test.UserTest" name="postUser" time="4.751"/>
  <testcase classname="api.test.UserTest" name="getUser" time="1.398"/>
  <testcase classname="api.test.UserTest" name="updateUser" time="2.68"/>
  <testcase classname="api.test.UserTest" name="deleteUser" time="1.358"/>
</testsuite> <!-- Default test -->
