<?xml version="1.0" encoding="UTF-8"?>
<!-- Generated by org.testng.reporters.JUnitXMLReporter -->
<testsuite ignored="0" hostname="ASHWIN" failures="0" tests="4" name="Test" time="8.609" errors="0" timestamp="2023-10-02T09:18:49 IST">
  <testcase classname="api.test.UserTest" name="postUser" time="2.966"/>
  <testcase classname="api.test.UserTest" name="getUser" time="1.433"/>
  <testcase classname="api.test.UserTest" name="updateUser" time="2.655"/>
  <testcase classname="api.test.UserTest" name="deleteUser" time="1.336"/>
</testsuite> <!-- Test -->
