<?xml version="1.0" encoding="UTF-8"?>
<!-- Generated by org.testng.reporters.JUnitXMLReporter -->
<testsuite ignored="0" hostname="ASHWIN" failures="0" tests="4" name="Test" time="12.669" errors="0" timestamp="2023-10-24T18:29:11 IST">
  <testcase classname="api.test.UserTest" name="postUser" time="4.406"/>
  <testcase classname="api.test.UserTest" name="getUser" time="1.684"/>
  <testcase classname="api.test.UserTest" name="updateUser" time="4.58"/>
  <testcase classname="api.test.UserTest" name="deleteUser" time="1.694"/>
</testsuite> <!-- Test -->
