<?xml version="1.0" encoding="UTF-8"?>
<!-- Generated by org.testng.reporters.JUnitXMLReporter -->
<testsuite ignored="0" hostname="ASHWIN" failures="0" tests="4" name="Test" time="13.492" errors="0" timestamp="2023-10-02T16:24:45 IST">
  <testcase classname="api.test.UserTest" name="postUser" time="4.095"/>
  <testcase classname="api.test.UserTest" name="getUser" time="2.86"/>
  <testcase classname="api.test.UserTest" name="updateUser" time="2.96"/>
  <testcase classname="api.test.UserTest" name="deleteUser" time="3.346"/>
</testsuite> <!-- Test -->
