<?xml version="1.0" encoding="UTF-8"?>
<testng-results ignored="0" total="4" passed="4" failed="0" skipped="0">
  <reporter-output>
  </reporter-output>
  <suite started-at="2023-10-02T16:24:32 IST" name="Suite" finished-at="2023-10-02T16:24:45 IST" duration-ms="13492">
    <groups>
    </groups>
    <test started-at="2023-10-02T16:24:32 IST" name="Test" finished-at="2023-10-02T16:24:45 IST" duration-ms="13492">
      <class name="api.test.UserTest">
        <test-method is-config="true" signature="setupData()[pri:0, instance:api.test.UserTest@2f7298b]" started-at="2023-10-02T16:24:32 IST" name="setupData" finished-at="2023-10-02T16:24:32 IST" duration-ms="191" status="PASS">
          <reporter-output>
          </reporter-output>
        </test-method> <!-- setupData -->
        <test-method signature="postUser()[pri:1, instance:api.test.UserTest@2f7298b]" started-at="2023-10-02T16:24:32 IST" name="postUser" finished-at="2023-10-02T16:24:36 IST" duration-ms="4095" status="PASS">
          <reporter-output>
          </reporter-output>
        </test-method> <!-- postUser -->
        <test-method signature="getUser()[pri:2, instance:api.test.UserTest@2f7298b]" started-at="2023-10-02T16:24:36 IST" name="getUser" finished-at="2023-10-02T16:24:39 IST" duration-ms="2860" status="PASS">
          <reporter-output>
          </reporter-output>
        </test-method> <!-- getUser -->
        <test-method signature="updateUser()[pri:3, instance:api.test.UserTest@2f7298b]" started-at="2023-10-02T16:24:39 IST" name="updateUser" finished-at="2023-10-02T16:24:42 IST" duration-ms="2960" status="PASS">
          <reporter-output>
          </reporter-output>
        </test-method> <!-- updateUser -->
        <test-method signature="deleteUser()[pri:4, instance:api.test.UserTest@2f7298b]" started-at="2023-10-02T16:24:42 IST" name="deleteUser" finished-at="2023-10-02T16:24:45 IST" duration-ms="3346" status="PASS">
          <reporter-output>
          </reporter-output>
        </test-method> <!-- deleteUser -->
      </class> <!-- api.test.UserTest -->
    </test> <!-- Test -->
  </suite> <!-- Suite -->
</testng-results>
