<?xml version="1.0" encoding="UTF-8"?>
<testng-results ignored="0" total="4" passed="4" failed="0" skipped="0">
  <reporter-output>
  </reporter-output>
  <suite started-at="2023-11-17T23:03:42 IST" name="Default suite" finished-at="2023-11-17T23:03:53 IST" duration-ms="10609">
    <groups>
    </groups>
    <test started-at="2023-11-17T23:03:42 IST" name="Default test" finished-at="2023-11-17T23:03:53 IST" duration-ms="10609">
      <class name="api.test.UserTest">
        <test-method is-config="true" signature="setupData()[pri:0, instance:api.test.UserTest@409bf450]" started-at="2023-11-17T23:03:42 IST" name="setupData" finished-at="2023-11-17T23:03:42 IST" duration-ms="336" status="PASS">
          <reporter-output>
          </reporter-output>
        </test-method> <!-- setupData -->
        <test-method signature="postUser()[pri:1, instance:api.test.UserTest@409bf450]" started-at="2023-11-17T23:03:42 IST" name="postUser" finished-at="2023-11-17T23:03:47 IST" duration-ms="4751" status="PASS">
          <reporter-output>
          </reporter-output>
        </test-method> <!-- postUser -->
        <test-method signature="getUser()[pri:2, instance:api.test.UserTest@409bf450]" started-at="2023-11-17T23:03:47 IST" name="getUser" finished-at="2023-11-17T23:03:49 IST" duration-ms="1398" status="PASS">
          <reporter-output>
          </reporter-output>
        </test-method> <!-- getUser -->
        <test-method signature="updateUser()[pri:3, instance:api.test.UserTest@409bf450]" started-at="2023-11-17T23:03:49 IST" name="updateUser" finished-at="2023-11-17T23:03:51 IST" duration-ms="2680" status="PASS">
          <reporter-output>
          </reporter-output>
        </test-method> <!-- updateUser -->
        <test-method signature="deleteUser()[pri:4, instance:api.test.UserTest@409bf450]" started-at="2023-11-17T23:03:51 IST" name="deleteUser" finished-at="2023-11-17T23:03:53 IST" duration-ms="1358" status="PASS">
          <reporter-output>
          </reporter-output>
        </test-method> <!-- deleteUser -->
      </class> <!-- api.test.UserTest -->
    </test> <!-- Default test -->
  </suite> <!-- Default suite -->
</testng-results>
