<?xml version="1.0" encoding="UTF-8"?>
<testng-results ignored="0" total="4" passed="4" failed="0" skipped="0">
  <reporter-output>
  </reporter-output>
  <suite started-at="2023-10-02T09:18:40 IST" name="Suite" finished-at="2023-10-02T09:18:49 IST" duration-ms="8609">
    <groups>
    </groups>
    <test started-at="2023-10-02T09:18:40 IST" name="Test" finished-at="2023-10-02T09:18:49 IST" duration-ms="8609">
      <class name="api.test.UserTest">
        <test-method is-config="true" signature="setupData()[pri:0, instance:api.test.UserTest@409bf450]" started-at="2023-10-02T09:18:40 IST" name="setupData" finished-at="2023-10-02T09:18:41 IST" duration-ms="158" status="PASS">
          <reporter-output>
          </reporter-output>
        </test-method> <!-- setupData -->
        <test-method signature="postUser()[pri:1, instance:api.test.UserTest@409bf450]" started-at="2023-10-02T09:18:41 IST" name="postUser" finished-at="2023-10-02T09:18:44 IST" duration-ms="2966" status="PASS">
          <reporter-output>
          </reporter-output>
        </test-method> <!-- postUser -->
        <test-method signature="getUser()[pri:2, instance:api.test.UserTest@409bf450]" started-at="2023-10-02T09:18:44 IST" name="getUser" finished-at="2023-10-02T09:18:45 IST" duration-ms="1433" status="PASS">
          <reporter-output>
          </reporter-output>
        </test-method> <!-- getUser -->
        <test-method signature="updateUser()[pri:3, instance:api.test.UserTest@409bf450]" started-at="2023-10-02T09:18:45 IST" name="updateUser" finished-at="2023-10-02T09:18:48 IST" duration-ms="2655" status="PASS">
          <reporter-output>
          </reporter-output>
        </test-method> <!-- updateUser -->
        <test-method signature="deleteUser()[pri:4, instance:api.test.UserTest@409bf450]" started-at="2023-10-02T09:18:48 IST" name="deleteUser" finished-at="2023-10-02T09:18:49 IST" duration-ms="1336" status="PASS">
          <reporter-output>
          </reporter-output>
        </test-method> <!-- deleteUser -->
      </class> <!-- api.test.UserTest -->
    </test> <!-- Test -->
  </suite> <!-- Suite -->
</testng-results>
